2026-02-05 12:28:52 | {'type': 'dns_answer', 'query': 'mobile.events.data.microsoft.com.', 'answer': b'mobile.events.data.trafficmanager.net.'} | BLOCKED
2026-02-05 12:28:52 | {'type': 'dns_answer', 'query': 'mobile.events.data.microsoft.com.', 'answer': b'mobile.events.data.trafficmanager.net.'} | BLOCKED
2026-02-05 12:28:55 | {'type': 'dns_answer', 'query': 'settings-win.data.microsoft.com.', 'answer': b'atm-settingsfe-prod-geo2.trafficmanager.net.'} | BLOCKED
2026-02-05 12:29:10 | {'type': 'dns_answer', 'query': 'settings-win.data.microsoft.com.', 'answer': b'atm-settingsfe-prod-geo2.trafficmanager.net.'} | BLOCKED
2026-02-05 12:29:19 | {'type': 'dns_answer', 'query': 'go.trouter.skype.com.', 'answer': b'trouter-atm-pub-csm.trafficmanager.net.'} | BLOCKED
2026-02-05 12:29:19 | {'type': 'dns_answer', 'query': 'go.trouter.skype.com.', 'answer': b'trouter-atm-pub-csm.trafficmanager.net.'} | BLOCKED
2026-02-05 12:29:19 | {'type': 'dns_answer', 'query': 'go.trouter.skype.com.', 'answer': b'trouter-atm-pub-csm.trafficmanager.net.'} | BLOCKED
2026-02-05 12:29:25 | {'type': 'dns_answer', 'query': 'settings-win.data.microsoft.com.', 'answer': b'atm-settingsfe-prod-geo2.trafficmanager.net.'} | BLOCKED
2026-02-05 12:29:52 | {'type': 'dns_answer', 'query': 'mobile.events.data.microsoft.com.', 'answer': b'mobile.events.data.trafficmanager.net.'} | BLOCKED
2026-02-05 12:29:52 | {'type': 'dns_answer', 'query': 'mobile.events.data.microsoft.com.', 'answer': b'mobile.events.data.trafficmanager.net.'} | BLOCKED
2026-02-05 12:29:55 | {'type': 'dns_answer', 'query': 'settings-win.data.microsoft.com.', 'answer': b'atm-settingsfe-prod-geo2.trafficmanager.net.'} | BLOCKED
2026-02-05 12:30:09 | {'type': 'dns_query', 'query': 'google.com.karunya.edu.', 'answer': None} | BLOCKED
2026-02-05 12:30:09 | {'type': 'dns_answer', 'query': 'google.com.karunya.edu.', 'answer': None} | BLOCKED
2026-02-05 12:30:09 | {'type': 'dns_query', 'query': 'google.com.karunya.edu.', 'answer': None} | BLOCKED
2026-02-05 12:30:09 | {'type': 'dns_answer', 'query': 'google.com.karunya.edu.', 'answer': None} | BLOCKED
2026-02-05 12:30:09 | {'type': 'dns_query', 'query': 'google.com.', 'answer': None} | BLOCKED
2026-02-05 12:30:09 | {'type': 'dns_answer', 'query': 'google.com.', 'answer': '172.217.24.14'} | BLOCKED
2026-02-05 12:30:09 | {'type': 'dns_query', 'query': 'google.com.', 'answer': None} | BLOCKED
2026-02-05 12:30:10 | {'type': 'dns_answer', 'query': 'settings-win.data.microsoft.com.', 'answer': b'atm-settingsfe-prod-geo2.trafficmanager.net.'} | BLOCKED
2026-02-05 12:30:10 | {'type': 'dns_answer', 'query': 'google.com.', 'answer': '2404:6800:4007:832::200e'} | BLOCKED
2026-02-05 12:30:25 | {'type': 'dns_answer', 'query': 'settings-win.data.microsoft.com.', 'answer': b'atm-settingsfe-prod-geo2.trafficmanager.net.'} | BLOCKED
2026-02-05 12:30:39 | {'type': 'dns_query', 'query': 'ogs.google.com.karunya.edu.', 'answer': None} | BLOCKED
2026-02-05 12:30:39 | {'type': 'dns_answer', 'query': 'ogs.google.com.karunya.edu.', 'answer': None} | BLOCKED
2026-02-05 12:30:39 | {'type': 'dns_query', 'query': 'ogs.google.com.karunya.edu.', 'answer': None} | BLOCKED
2026-02-05 12:30:39 | {'type': 'dns_answer', 'query': 'ogs.google.com.karunya.edu.', 'answer': None} | BLOCKED
2026-02-05 12:30:39 | {'type': 'dns_query', 'query': 'ogs.google.com.', 'answer': None} | BLOCKED
2026-02-05 12:30:39 | {'type': 'dns_answer', 'query': 'ogs.google.com.', 'answer': b'www3.l.google.com.'} | BLOCKED
2026-02-05 12:30:39 | {'type': 'dns_query', 'query': 'ogs.google.com.', 'answer': None} | BLOCKED
2026-02-05 12:30:39 | {'type': 'dns_answer', 'query': 'ogs.google.com.', 'answer': b'www3.l.google.com.'} | BLOCKED
2026-02-05 12:30:40 | {'type': 'dns_answer', 'query': 'settings-win.data.microsoft.com.', 'answer': b'atm-settingsfe-prod-geo2.trafficmanager.net.'} | BLOCKED
2026-02-05 12:30:54 | {'type': 'dns_answer', 'query': 'mobile.events.data.microsoft.com.', 'answer': b'mobile.events.data.trafficmanager.net.'} | BLOCKED
2026-02-05 12:30:55 | {'type': 'dns_answer', 'query': 'settings-win.data.microsoft.com.', 'answer': b'atm-settingsfe-prod-geo2.trafficmanager.net.'} | BLOCKED
2026-02-05 12:30:55 | {'type': 'dns_query', 'query': 'facebook.com.karunya.edu.', 'answer': None} | BLOCKED
2026-02-05 12:30:55 | {'type': 'dns_answer', 'query': 'facebook.com.karunya.edu.', 'answer': None} | BLOCKED
2026-02-05 12:30:55 | {'type': 'dns_query', 'query': 'facebook.com.karunya.edu.', 'answer': None} | BLOCKED
2026-02-05 12:30:55 | {'type': 'dns_answer', 'query': 'facebook.com.karunya.edu.', 'answer': None} | BLOCKED
2026-02-05 12:30:55 | {'type': 'dns_query', 'query': 'facebook.com.', 'answer': None} | BLOCKED
2026-02-05 12:30:55 | {'type': 'dns_answer', 'query': 'facebook.com.', 'answer': '31.13.66.35'} | BLOCKED
2026-02-05 12:30:55 | {'type': 'dns_query', 'query': 'facebook.com.', 'answer': None} | BLOCKED
2026-02-05 12:30:55 | {'type': 'dns_answer', 'query': 'facebook.com.', 'answer': '2a03:2880:f335:1:face:b00c:0:25de'} | BLOCKED
2026-02-05 12:31:01 | {'type': 'dns_answer', 'query': 'c.pki.goog.', 'answer': b'pki-goog.l.google.com.'} | BLOCKED
2026-02-05 12:31:10 | {'type': 'dns_answer', 'query': 'settings-win.data.microsoft.com.', 'answer': b'atm-settingsfe-prod-geo2.trafficmanager.net.'} | BLOCKED
2026-02-05 14:47:09 | {'type': 'dns_answer', 'query': 'mobile.events.data.microsoft.com.', 'answer': b'mobile.events.data.trafficmanager.net.'} | BLOCKED
2026-02-05 14:47:34 | {'type': 'dns_answer', 'query': 'mobile.events.data.microsoft.com.', 'answer': b'mobile.events.data.trafficmanager.net.'} | BLOCKED
2026-02-05 14:47:34 | {'type': 'dns_answer', 'query': 'mobile.events.data.microsoft.com.', 'answer': b'mobile.events.data.trafficmanager.net.'} | BLOCKED
2026-02-05 14:47:43 | {'type': 'dns_query', 'query': 'www.google.com.', 'answer': None} | BLOCKED
2026-02-05 14:47:43 | {'type': 'dns_query', 'query': 'www.google.com.', 'answer': None} | BLOCKED
2026-03-04 21:17:09 | {'type': 'dns_answer', 'query': 'settings-win.data.microsoft.com.', 'answer': b'atm-settingsfe-prod-geo2.trafficmanager.net.'} | BLOCKED
2026-03-04 21:17:24 | {'type': 'dns_answer', 'query': 'settings-win.data.microsoft.com.', 'answer': b'atm-settingsfe-prod-geo2.trafficmanager.net.'} | BLOCKED
2026-03-04 21:17:39 | {'type': 'dns_answer', 'query': 'settings-win.data.microsoft.com.', 'answer': b'atm-settingsfe-prod-geo2.trafficmanager.net.'} | BLOCKED
2026-03-04 21:17:39 | {'type': 'dns_answer', 'query': 'settings-win.data.microsoft.com.', 'answer': b'atm-settingsfe-prod-geo2.trafficmanager.net.'} | BLOCKED
2026-03-04 21:17:54 | {'type': 'dns_answer', 'query': 'settings-win.data.microsoft.com.', 'answer': b'atm-settingsfe-prod-geo2.trafficmanager.net.'} | BLOCKED
2026-03-04 21:18:03 | {'type': 'dns_answer', 'query': 'mtalk.google.com.', 'answer': b'mobile-gtalk.l.google.com.'} | BLOCKED
2026-03-04 21:18:08 | {'type': 'dns_answer', 'query': 'mail.google.com.', 'answer': None} | BLOCKED
2026-03-04 21:18:08 | {'type': 'dns_answer', 'query': 'mail.google.com.', 'answer': '172.217.24.5'} | BLOCKED
2026-03-04 21:18:09 | {'type': 'dns_answer', 'query': 'settings-win.data.microsoft.com.', 'answer': b'atm-settingsfe-prod-geo2.trafficmanager.net.'} | BLOCKED
2026-03-04 21:18:15 | {'type': 'dns_answer', 'query': 'mtalk.google.com.', 'answer': b'mobile-gtalk.l.google.com.'} | BLOCKED
2026-03-04 21:18:18 | {'type': 'dns_answer', 'query': 'settings-win.data.microsoft.com.', 'answer': b'atm-settingsfe-prod-geo2.trafficmanager.net.'} | BLOCKED
2026-03-04 21:50:48 | {'type': 'dns_query', 'query': 'mtalk.google.com.', 'answer': None} | BLOCKED
2026-03-04 21:50:48 | {'type': 'dns_query', 'query': 'accounts.google.com.', 'answer': None} | BLOCKED
2026-03-04 21:50:48 | {'type': 'dns_query', 'query': 'clients4.google.com.', 'answer': None} | BLOCKED
2026-03-04 21:50:49 | {'type': 'dns_query', 'query': 'mtalk.google.com.', 'answer': None} | BLOCKED
2026-03-04 21:50:49 | {'type': 'dns_query', 'query': 'accounts.google.com.', 'answer': None} | BLOCKED
2026-03-04 21:50:49 | {'type': 'dns_query', 'query': 'clients4.google.com.', 'answer': None} | BLOCKED
2026-03-04 21:50:49 | {'type': 'dns_query', 'query': 'mtalk.google.com.', 'answer': None} | BLOCKED
2026-03-04 21:50:49 | {'type': 'dns_query', 'query': 'clients4.google.com.', 'answer': None} | BLOCKED
2026-03-04 21:50:49 | {'type': 'dns_answer', 'query': 'clients4.google.com.', 'answer': b'clients.l.google.com.'} | BLOCKED
2026-03-04 21:50:49 | {'type': 'dns_answer', 'query': 'mtalk.google.com.', 'answer': b'mobile-gtalk.l.google.com.'} | BLOCKED
2026-03-04 21:50:49 | {'type': 'dns_query', 'query': 'accounts.google.com.', 'answer': None} | BLOCKED
2026-03-04 21:50:49 | {'type': 'dns_answer', 'query': 'accounts.google.com.', 'answer': '192.178.211.84'} | BLOCKED
2026-03-04 21:50:49 | {'type': 'dns_answer', 'query': 'settings-win.data.microsoft.com.', 'answer': b'atm-settingsfe-prod-geo2.trafficmanager.net.'} | BLOCKED
2026-03-04 21:50:49 | {'type': 'dns_answer', 'query': 'v10.events.data.microsoft.com.', 'answer': b'win-global-asimov-leafs-events-data.trafficmanager.net.'} | BLOCKED
2026-03-04 21:50:50 | {'type': 'dns_answer', 'query': 'www.msftconnecttest.com.', 'answer': b'ncsi-geo.trafficmanager.net.'} | BLOCKED
2026-03-04 21:50:50 | {'type': 'dns_answer', 'query': 'www.msftconnecttest.com.', 'answer': b'ncsi-geo.trafficmanager.net.'} | BLOCKED
2026-03-04 21:50:52 | {'type': 'dns_answer', 'query': 'c.pki.goog.', 'answer': b'pki-goog.l.google.com.'} | BLOCKED
2026-03-04 21:50:54 | {'type': 'dns_answer', 'query': 'continuum.dds.microsoft.com.', 'answer': b'afdatmcontinuumonly.trafficmanager.net.'} | BLOCKED
2026-03-04 21:50:54 | {'type': 'dns_answer', 'query': 'activity.windows.com.', 'answer': b'activity-consumer.trafficmanager.net.'} | BLOCKED
2026-03-04 21:50:54 | {'type': 'dns_answer', 'query': 'activity.windows.com.', 'answer': b'activity-consumer.trafficmanager.net.'} | BLOCKED
2026-03-04 21:50:55 | {'type': 'dns_answer', 'query': 'mobile.events.data.microsoft.com.', 'answer': b'mobile.events.data.trafficmanager.net.'} | BLOCKED
2026-03-04 21:50:55 | {'type': 'dns_answer', 'query': 'mobile.events.data.microsoft.com.', 'answer': b'mobile.events.data.trafficmanager.net.'} | BLOCKED
2026-03-04 21:50:56 | {'type': 'dns_query', 'query': 'mtalk.google.com.', 'answer': None} | BLOCKED
2026-03-04 21:50:56 | {'type': 'dns_query', 'query': 'accounts.google.com.', 'answer': None} | BLOCKED
2026-03-04 21:50:56 | {'type': 'dns_query', 'query': 'accounts.google.com.', 'answer': None} | BLOCKED
2026-03-04 21:50:56 | {'type': 'dns_query', 'query': 'mtalk.google.com.', 'answer': None} | BLOCKED
2026-03-04 21:50:56 | {'type': 'dns_answer', 'query': 'accounts.google.com.', 'answer': None} | BLOCKED
2026-03-04 21:50:56 | {'type': 'dns_answer', 'query': 'statics.teams.cdn.live.net.', 'answer': b'tfl-staticscdn.trafficmanager.net.'} | BLOCKED
2026-03-04 21:50:56 | {'type': 'dns_answer', 'query': 'mtalk.google.com.', 'answer': b'mobile-gtalk.l.google.com.'} | BLOCKED
2026-03-04 21:50:56 | {'type': 'dns_answer', 'query': 'mtalk.google.com.', 'answer': b'mobile-gtalk.l.google.com.'} | BLOCKED
2026-03-04 21:50:56 | {'type': 'dns_answer', 'query': 'accounts.google.com.', 'answer': '192.178.211.84'} | BLOCKED
2026-03-04 21:50:56 | {'type': 'dns_answer', 'query': 'statics.teams.cdn.live.net.', 'answer': b'tfl-staticscdn.trafficmanager.net.'} | BLOCKED
2026-03-04 21:50:56 | {'type': 'dns_answer', 'query': 'go.trouter.skype.com.', 'answer': b'trouter-atm-pub-csm.trafficmanager.net.'} | BLOCKED
2026-03-04 21:50:56 | {'type': 'dns_answer', 'query': 'go.trouter.skype.com.', 'answer': b'trouter-atm-pub-csm.trafficmanager.net.'} | BLOCKED
2026-03-04 21:50:59 | {'type': 'dns_answer', 'query': 'settings-win.data.microsoft.com.', 'answer': b'atm-settingsfe-prod-geo2.trafficmanager.net.'} | BLOCKED
2026-03-04 21:50:59 | {'type': 'dns_answer', 'query': 'settings-win.data.microsoft.com.', 'answer': b'atm-settingsfe-prod-geo2.trafficmanager.net.'} | BLOCKED
2026-03-04 21:50:59 | {'type': 'dns_answer', 'query': 'ecs.office.com.', 'answer': b'ecs.office.trafficmanager.net.'} | BLOCKED
2026-03-04 21:50:59 | {'type': 'dns_answer', 'query': 'assets.msn.com.', 'answer': b'assets-msn-com-world-atm-default.trafficmanager.net.'} | BLOCKED
2026-03-04 21:51:00 | {'type': 'dns_query', 'query': 'www.bing.com.', 'answer': None} | BLOCKED
2026-03-04 21:51:00 | {'type': 'dns_answer', 'query': 'www.bing.com.', 'answer': b'www-www.bing.com.trafficmanager.net.'} | BLOCKED
2026-03-04 21:51:00 | {'type': 'dns_query', 'query': 'www.bing.com.', 'answer': None} | BLOCKED
2026-03-04 21:51:00 | {'type': 'dns_answer', 'query': 'www.bing.com.', 'answer': b'www-www.bing.com.trafficmanager.net.'} | BLOCKED
2026-03-04 21:51:01 | {'type': 'dns_answer', 'query': 'mobile.events.data.microsoft.com.', 'answer': b'mobile.events.data.trafficmanager.net.'} | BLOCKED
2026-03-04 21:51:01 | {'type': 'dns_answer', 'query': 'mobile.events.data.microsoft.com.', 'answer': b'mobile.events.data.trafficmanager.net.'} | BLOCKED
2026-03-04 21:51:04 | {'type': 'dns_answer', 'query': 'settings-win.data.microsoft.com.', 'answer': b'atm-settingsfe-prod-geo2.trafficmanager.net.'} | BLOCKED
2026-03-04 21:51:09 | {'type': 'dns_answer', 'query': 'client.wns.windows.com.', 'answer': b'wns.notify.trafficmanager.net.'} | BLOCKED
2026-03-04 21:51:09 | {'type': 'dns_answer', 'query': 'settings-win.data.microsoft.com.', 'answer': b'atm-settingsfe-prod-geo2.trafficmanager.net.'} | BLOCKED
2026-03-04 21:51:10 | {'type': 'dns_query', 'query': 'accounts.google.com.', 'answer': None} | BLOCKED
2026-03-04 21:51:10 | {'type': 'dns_query', 'query': 'accounts.google.com.', 'answer': None} | BLOCKED
2026-03-04 21:51:10 | {'type': 'dns_answer', 'query': 'accounts.google.com.', 'answer': None} | BLOCKED
2026-03-04 21:51:10 | {'type': 'dns_answer', 'query': 'accounts.google.com.', 'answer': '192.178.211.84'} | BLOCKED
2026-03-04 21:51:12 | {'type': 'dns_query', 'query': 'play.google.com.', 'answer': None} | BLOCKED
2026-03-04 21:51:12 | {'type': 'dns_query', 'query': 'play.google.com.', 'answer': None} | BLOCKED
2026-03-04 21:51:12 | {'type': 'dns_answer', 'query': 'play.google.com.', 'answer': None} | BLOCKED
2026-03-04 21:51:12 | {'type': 'dns_answer', 'query': 'play.google.com.', 'answer': '142.250.205.14'} | BLOCKED
2026-03-04 21:51:12 | {'type': 'dns_query', 'query': 'mail.google.com.', 'answer': None} | BLOCKED
2026-03-04 21:51:12 | {'type': 'dns_query', 'query': 'mail.google.com.', 'answer': None} | BLOCKED
2026-03-04 21:51:12 | {'type': 'dns_answer', 'query': 'mail.google.com.', 'answer': None} | BLOCKED
2026-03-04 21:51:12 | {'type': 'dns_answer', 'query': 'mail.google.com.', 'answer': '142.250.66.5'} | BLOCKED
2026-03-04 21:51:13 | {'type': 'dns_query', 'query': 'mail.google.com.', 'answer': None} | BLOCKED
2026-03-04 21:51:13 | {'type': 'dns_query', 'query': 'mail.google.com.', 'answer': None} | BLOCKED
2026-03-04 21:51:13 | {'type': 'dns_answer', 'query': 'mail.google.com.', 'answer': None} | BLOCKED
2026-03-04 21:51:13 | {'type': 'dns_answer', 'query': 'mail.google.com.', 'answer': '142.250.66.5'} | BLOCKED
2026-03-04 21:51:13 | {'type': 'dns_query', 'query': 'mtalk.google.com.', 'answer': None} | BLOCKED
2026-03-04 21:51:13 | {'type': 'dns_answer', 'query': 'mtalk.google.com.', 'answer': b'mobile-gtalk.l.google.com.'} | BLOCKED
2026-03-04 21:51:13 | {'type': 'dns_answer', 'query': 'mobile.events.data.microsoft.com.', 'answer': b'mobile.events.data.trafficmanager.net.'} | BLOCKED
2026-03-04 21:51:15 | {'type': 'dns_answer', 'query': 'functional.events.data.microsoft.com.', 'answer': b'global.asimov.events.data.trafficmanager.net.'} | BLOCKED
2026-03-04 21:51:15 | {'type': 'dns_answer', 'query': 'functional.events.data.microsoft.com.', 'answer': b'global.asimov.events.data.trafficmanager.net.'} | BLOCKED
2026-03-04 21:51:15 | {'type': 'dns_answer', 'query': 'watson.events.data.microsoft.com.', 'answer': b'blobcollectorcommon.trafficmanager.net.'} | BLOCKED
2026-03-04 21:51:16 | {'type': 'dns_answer', 'query': 'settings-win.data.microsoft.com.', 'answer': b'atm-settingsfe-prod-geo2.trafficmanager.net.'} | BLOCKED
2026-03-04 21:51:21 | {'type': 'dns_query', 'query': 'signaler-pa.clients6.google.com.', 'answer': None} | BLOCKED
2026-03-04 21:51:21 | {'type': 'dns_query', 'query': 'signaler-pa.clients6.google.com.', 'answer': None} | BLOCKED
2026-03-04 21:51:21 | {'type': 'dns_answer', 'query': 'signaler-pa.clients6.google.com.', 'answer': None} | BLOCKED
2026-03-04 21:51:21 | {'type': 'dns_answer', 'query': 'signaler-pa.clients6.google.com.', 'answer': '142.250.66.10'} | BLOCKED
2026-03-04 21:51:22 | {'type': 'dns_answer', 'query': 'watson.events.data.microsoft.com.', 'answer': b'blobcollectorcommon.trafficmanager.net.'} | BLOCKED
2026-03-06 20:48:01 | {'type': 'dns_answer', 'query': 'mail.google.com.', 'answer': None} | BLOCKED
2026-03-06 20:48:01 | {'type': 'dns_answer', 'query': 'mail.google.com.', 'answer': '142.251.223.229'} | BLOCKED
2026-03-06 20:48:09 | {'type': 'dns_answer', 'query': 'settings-win.data.microsoft.com.', 'answer': b'atm-settingsfe-prod-geo2.trafficmanager.net.'} | BLOCKED
2026-03-06 20:48:24 | {'type': 'dns_answer', 'query': 'settings-win.data.microsoft.com.', 'answer': b'atm-settingsfe-prod-geo2.trafficmanager.net.'} | BLOCKED
2026-03-06 20:48:27 | {'type': 'dns_answer', 'query': 'www.google.com.', 'answer': b'forcesafesearch.google.com.'} | BLOCKED
